<?xml version="1.0" encoding="utf-8"?><testsuites name="pytest tests"><testsuite name="pytest" errors="0" failures="0" skipped="0" tests="17" time="4.286" timestamp="2026-08-17T04:44:05.963114+00:00" hostname="agent-env-3a6f2eff-d9db-44c9-8daa-fbea18feedb1"><testcase classname="tests.test_combo_banners" name="test_public_banners_returns_active_enriched" time="0.364" /><testcase classname="tests.test_combo_banners" name="test_public_banners_no_location_param" time="0.119" /><testcase classname="tests.test_combo_banners" name="test_admin_list_requires_auth" time="0.126" /><testcase classname="tests.test_combo_banners" name="test_admin_create_requires_auth" time="0.147" /><testcase classname="tests.test_combo_banners" name="test_customer_cannot_access_admin" time="0.503" /><testcase classname="tests.test_combo_banners" name="test_admin_list_all_including_inactive" time="0.404" /><testcase classname="tests.test_combo_banners" name="test_location_filter_scoped" time="0.640" /><testcase classname="tests.test_combo_banners" name="test_max_5_cap" time="0.126" /><testcase classname="tests.test_combo_banners" name="test_ordering" time="0.119" /><testcase classname="tests.test_combo_banners" name="test_deactivate_removes_and_reactivate_restores" time="0.387" /><testcase classname="tests.test_combo_banners" name="test_delete_banner" time="0.131" /><testcase classname="tests.test_combo_banners" name="test_combo_detail_enriched" time="0.202" /><testcase classname="tests.test_combo_banners" name="test_combo_detail_404" time="0.095" /><testcase classname="tests.test_combo_banners" name="test_regression_products_and_categories" time="0.222" /><testcase classname="tests.test_combo_banners" name="test_regression_locations" time="0.119" /><testcase classname="tests.test_combo_banners" name="test_regression_razorpay_disabled" time="0.096" /><testcase classname="tests.test_combo_banners" name="test_regression_admin_orders" time="0.408" /></testsuite></testsuites>