<?xml version="1.0" encoding="utf-8"?><testsuites name="pytest tests"><testsuite name="pytest" errors="0" failures="1" skipped="0" tests="48" time="76.930" timestamp="2026-08-24T05:27:54.902850+00:00" hostname="agent-env-3a6f2eff-d9db-44c9-8daa-fbea18feedb1"><testcase classname="tests.test_iteration20.TestHealth" name="test_root" time="0.153" /><testcase classname="tests.test_iteration20.TestAuth" name="test_admin_login_sets_httponly_cookies" time="0.397" /><testcase classname="tests.test_iteration20.TestAuth" name="test_register_new_customer_and_relogin" time="0.698" /><testcase classname="tests.test_iteration20.TestAuth" name="test_duplicate_registration_rejected" time="0.100" /><testcase classname="tests.test_iteration20.TestAuth" name="test_short_password_validation" time="0.093" /><testcase classname="tests.test_iteration20.TestAuth" name="test_bad_email_validation" time="0.102" /><testcase classname="tests.test_iteration20.TestAuth" name="test_wrong_password_message" time="0.682" /><testcase classname="tests.test_iteration20.TestAuth" name="test_lockout_after_five_failures" time="61.001"><failure message="requests.exceptions.ConnectTimeout: HTTPSConnectionPool(host='grocery-hub-1077.preview.emergentagent.com', port=443): Max retries exceeded with url: /api/auth/login (Caused by ConnectTimeoutError(&lt;HTTPSConnection(host='grocery-hub-1077.preview.emergentagent.com', port=443) at 0xf831ebfcab10&gt;, 'Connection to grocery-hub-1077.preview.emergentagent.com timed out. (connect timeout=30)'))">E   TimeoutError: timed out

The above exception was the direct cause of the following exception:
E   urllib3.exceptions.ConnectTimeoutError: (&lt;HTTPSConnection(host='grocery-hub-1077.preview.emergentagent.com', port=443) at 0xf831ebfcab10&gt;, 'Connection to grocery-hub-1077.preview.emergentagent.com timed out. (connect timeout=30)')

The above exception was the direct cause of the following exception:
E   urllib3.exceptions.MaxRetryError: HTTPSConnectionPool(host='grocery-hub-1077.preview.emergentagent.com', port=443): Max retries exceeded with url: /api/auth/login (Caused by ConnectTimeoutError(&lt;HTTPSConnection(host='grocery-hub-1077.preview.emergentagent.com', port=443) at 0xf831ebfcab10&gt;, 'Connection to grocery-hub-1077.preview.emergentagent.com timed out. (connect timeout=30)'))

During handling of the above exception, another exception occurred:
E   requests.exceptions.ConnectTimeout: HTTPSConnectionPool(host='grocery-hub-1077.preview.emergentagent.com', port=443): Max retries exceeded with url: /api/auth/login (Caused by ConnectTimeoutError(&lt;HTTPSConnection(host='grocery-hub-1077.preview.emergentagent.com', port=443) at 0xf831ebfcab10&gt;, 'Connection to grocery-hub-1077.preview.emergentagent.com timed out. (connect timeout=30)'))</failure></testcase><testcase classname="tests.test_iteration20.TestAuth" name="test_bcrypt_hash_format" time="0.127" /><testcase classname="tests.test_iteration20.TestAuth" name="test_cors_allows_credentials_explicit_origin" time="0.002" /><testcase classname="tests.test_iteration20.TestAuth" name="test_unauthenticated_protected_endpoint" time="0.384" /><testcase classname="tests.test_iteration20.TestAuth" name="test_customer_cannot_access_admin" time="0.370" /><testcase classname="tests.test_iteration20.TestCatalog" name="test_categories" time="0.151" /><testcase classname="tests.test_iteration20.TestCatalog" name="test_combo_banners" time="0.102" /><testcase classname="tests.test_iteration20.TestCatalog" name="test_products_list_and_filters" time="0.555" /><testcase classname="tests.test_iteration20.TestCatalog" name="test_product_detail" time="0.202" /><testcase classname="tests.test_iteration20.TestCatalog" name="test_product_detail_404" time="0.127" /><testcase classname="tests.test_iteration20.TestPinCodes" name="test_pin_check[520003-60-True-100]" time="0.108" /><testcase classname="tests.test_iteration20.TestPinCodes" name="test_pin_check[520004-40-True-100]" time="0.104" /><testcase classname="tests.test_iteration20.TestPinCodes" name="test_pin_check[520005-40-False-0]" time="0.098" /><testcase classname="tests.test_iteration20.TestPinCodes" name="test_unserviceable_pin" time="0.095" /><testcase classname="tests.test_iteration20.TestPinCodes" name="test_admin_pincodes_list" time="0.396" /><testcase classname="tests.test_iteration20.TestPinCodes" name="test_delivery_settings_and_slots" time="0.317" /><testcase classname="tests.test_iteration20.TestCheckoutAndOrders" name="test_cart_crud_and_persistence" time="0.344" /><testcase classname="tests.test_iteration20.TestCheckoutAndOrders" name="test_over_stock_add_rejected" time="0.198" /><testcase classname="tests.test_iteration20.TestCheckoutAndOrders" name="test_empty_cart_order_rejected" time="0.135" /><testcase classname="tests.test_iteration20.TestCheckoutAndOrders" name="test_normal_slot_order_math_520004" time="1.269" /><testcase classname="tests.test_iteration20.TestCheckoutAndOrders" name="test_slot_required_for_normal" time="0.287" /><testcase classname="tests.test_iteration20.TestCheckoutAndOrders" name="test_express_order_520004_adds_100" time="0.806" /><testcase classname="tests.test_iteration20.TestCheckoutAndOrders" name="test_express_rejected_for_disabled_pin_520005" time="0.312" /><testcase classname="tests.test_iteration20.TestCheckoutAndOrders" name="test_customer_order_list_and_detail" time="0.102" /><testcase classname="tests.test_iteration20.TestCheckoutAndOrders" name="test_other_users_order_forbidden" time="0.370" /><testcase classname="tests.test_iteration20.TestCheckoutAndOrders" name="test_admin_order_list_and_status_flow" time="1.874" /><testcase classname="tests.test_iteration20.TestCheckoutAndOrders" name="test_pending_count" time="2.078" /><testcase classname="tests.test_iteration20.TestRegressionEndpoints" name="test_public_coupons" time="0.123" /><testcase classname="tests.test_iteration20.TestRegressionEndpoints" name="test_available_coupons_customer" time="0.044" /><testcase classname="tests.test_iteration20.TestRegressionEndpoints" name="test_wallet" time="0.047" /><testcase classname="tests.test_iteration20.TestRegressionEndpoints" name="test_referral" time="0.048" /><testcase classname="tests.test_iteration20.TestRegressionEndpoints" name="test_admin_pages_endpoints" time="0.867" /><testcase classname="tests.test_iteration20.TestNotifications" name="test_segments" time="0.058" /><testcase classname="tests.test_iteration20.TestNotifications" name="test_compose_send_now_and_customer_receives" time="0.431" /><testcase classname="tests.test_iteration20.TestNotifications" name="test_compose_validation" time="0.162" /><testcase classname="tests.test_iteration20.TestNotifications" name="test_scheduled_campaign_and_cancel" time="0.160" /><testcase classname="tests.test_iteration20.TestNotifications" name="test_device_token_register_and_remove" time="0.093" /><testcase classname="tests.test_iteration20.TestNotifications" name="test_notification_endpoints_require_auth" time="0.204" /><testcase classname="tests.test_iteration20.TestSeo" name="test_robots" time="0.101" /><testcase classname="tests.test_iteration20.TestSeo" name="test_sitemap" time="0.098" /><testcase classname="tests.test_iteration20.TestSeo" name="test_root_robots_and_sitemap_proxy" time="0.282" /></testsuite></testsuites>