<?xml version="1.0" encoding="utf-8"?><testsuites name="pytest tests"><testsuite name="pytest" errors="0" failures="0" skipped="0" tests="39" time="6.015" timestamp="2026-08-28T04:27:01.238885+00:00" hostname="agent-env-3a6f2eff-d9db-44c9-8daa-fbea18feedb1"><testcase classname="tests.test_coupon_analytics_iter25.TestAnalytics" name="test_ranges[today]" time="0.730" /><testcase classname="tests.test_coupon_analytics_iter25.TestAnalytics" name="test_ranges[7d]" time="0.285" /><testcase classname="tests.test_coupon_analytics_iter25.TestAnalytics" name="test_ranges[30d]" time="0.053" /><testcase classname="tests.test_coupon_analytics_iter25.TestRegression" name="test_delivery_coupon" time="1.171" /><testcase classname="tests.test_coupon_analytics_iter25.TestAnalytics" name="test_ranges[month]" time="0.049" /><testcase classname="tests.test_coupon_analytics_iter25.TestAnalytics" name="test_ranges[all]" time="0.052" /><testcase classname="tests.test_coupon_analytics_iter25.TestRegression" name="test_delivery_coupon_no_charge" time="0.094" /><testcase classname="tests.test_coupon_analytics_iter25.TestAnalytics" name="test_custom_range" time="0.050" /><testcase classname="tests.test_coupon_analytics_iter25.TestAnalytics" name="test_row_shape" time="0.098" /><testcase classname="tests.test_coupon_analytics_iter25.TestRegression" name="test_usage_limit_blocks" time="0.140" /><testcase classname="tests.test_coupon_analytics_iter25.TestAnalytics" name="test_no_mongo_id_leak" time="0.075" /><testcase classname="tests.test_coupon_analytics_iter25.TestAnalytics" name="test_totals_counts_consistent" time="0.053" /><testcase classname="tests.test_coupon_analytics_iter25.TestRegression" name="test_invalid_code_404" time="0.052" /><testcase classname="tests.test_coupon_analytics_iter25.TestRegression" name="test_expired_coupon_rejected_and_hidden" time="0.345" /><testcase classname="tests.test_coupon_analytics_iter25.TestRegression" name="test_bulk_generate_with_visibility" time="0.286" /><testcase classname="tests.test_coupon_analytics_iter25.TestPrivateValidate" name="test_private_valid_by_code" time="0.625" /><testcase classname="tests.test_coupon_analytics_iter25.TestPrivateValidate" name="test_private_rejected_when_min_order_not_met" time="0.113" /><testcase classname="tests.test_coupon_analytics_iter25.TestRegression" name="test_public_coupons_list_endpoint_still_works" time="0.131" /><testcase classname="tests.test_coupon_analytics_iter25.TestPrivateValidate" name="test_private_first_order_only_rejected_for_existing_customer" time="0.209" /><testcase classname="tests.test_coupon_analytics_iter25.TestVisibilityCreate" name="test_create_private" time="0.097" /><testcase classname="tests.test_coupon_analytics_iter25.TestVisibilityCreate" name="test_create_public_explicit" time="0.087" /><testcase classname="tests.test_coupon_analytics_iter25.TestPrivateValidate" name="test_private_wrong_category_rejected" time="0.149" /><testcase classname="tests.test_coupon_analytics_iter25.TestVisibilityCreate" name="test_visibility_defaults_public_when_omitted" time="0.090" /><testcase classname="tests.test_coupon_analytics_iter25.TestVisibilityCreate" name="test_legacy_coupon_without_field_treated_public" time="0.049" /><testcase classname="tests.test_coupon_analytics_iter25.TestVisibilityCreate" name="test_update_persists_visibility" time="0.103" /><testcase classname="tests.test_coupon_analytics_iter25.TestPrivateValidate" name="test_apply_failures_logged" time="0.195" /><testcase classname="tests.test_coupon_analytics_iter25.TestAvailableList" name="test_public_shown_private_hidden" time="0.148" /><testcase classname="tests.test_coupon_analytics_iter25.TestPrivateValidate" name="test_redemptions_not_inflatable_by_apply" time="0.371" /><testcase classname="tests.test_coupon_analytics_iter25.TestAvailableList" name="test_view_events_logged_for_public" time="0.150" /><testcase classname="tests.test_coupon_analytics_iter25.TestAvailableList" name="test_private_logs_no_views" time="0.235" /><testcase classname="tests.test_coupon_analytics_iter25.TestStatsAndUsage" name="test_stats_public_and_private" time="0.246" /><testcase classname="tests.test_coupon_analytics_iter25.TestAvailableList" name="test_available_requires_auth" time="0.137" /><testcase classname="tests.test_coupon_analytics_iter25.TestFirstOrderVisibility" name="test_hidden_for_returning_customer" time="0.208" /><testcase classname="tests.test_coupon_analytics_iter25.TestStatsAndUsage" name="test_stats_404_unknown" time="0.046" /><testcase classname="tests.test_coupon_analytics_iter25.TestStatsAndUsage" name="test_usage_rows_shape" time="0.143" /><testcase classname="tests.test_coupon_analytics_iter25.TestFirstOrderVisibility" name="test_visible_for_brand_new_customer" time="0.510" /><testcase classname="tests.test_coupon_analytics_iter25.TestStatsAndUsage" name="test_usage_empty_for_new_coupon" time="0.954" /><testcase classname="tests.test_coupon_analytics_iter25.TestSecurity" name="test_anon_blocked" time="0.365" /><testcase classname="tests.test_coupon_analytics_iter25.TestSecurity" name="test_customer_blocked" time="1.019" /></testsuite></testsuites>