<?xml version="1.0" encoding="utf-8"?><testsuites name="pytest tests"><testsuite name="pytest" errors="0" failures="1" skipped="0" tests="11" time="4.066" timestamp="2026-08-19T05:59:44.732005+00:00" hostname="agent-env-3a6f2eff-d9db-44c9-8daa-fbea18feedb1"><testcase classname="tests.test_pin_inventory_iter12" name="test_pincode_check_serviceable_returns_charge" time="0.180" /><testcase classname="tests.test_pin_inventory_iter12" name="test_pincode_check_unserviceable" time="0.114" /><testcase classname="tests.test_pin_inventory_iter12" name="test_admin_list_pincodes_contains_seeded" time="0.481" /><testcase classname="tests.test_pin_inventory_iter12" name="test_inventory_summary_covers_all_pincodes" time="0.061" /><testcase classname="tests.test_pin_inventory_iter12" name="test_inventory_listing_per_pin" time="0.071" /><testcase classname="tests.test_pin_inventory_iter12" name="test_pin_inventory_isolation_between_pins" time="0.454" /><testcase classname="tests.test_pin_inventory_iter12" name="test_disable_product_hides_for_that_pin_only" time="0.466" /><testcase classname="tests.test_pin_inventory_iter12" name="test_enable_all_for_single_pin" time="0.091" /><testcase classname="tests.test_pin_inventory_iter12" name="test_enable_all_serviceable" time="0.129" /><testcase classname="tests.test_pin_inventory_iter12" name="test_checkout_delivery_charge_matches_pin" time="1.624" /><testcase classname="tests.test_pin_inventory_iter12" name="test_order_blocked_for_unserviceable_pin" time="0.069"><failure message="AssertionError: unexpected address create status 422: {&quot;detail&quot;:[{&quot;type&quot;:&quot;missing&quot;,&quot;loc&quot;:[&quot;body&quot;,&quot;full_name&quot;],&quot;msg&quot;:&quot;Field required&quot;,&quot;input&quot;:{&quot;label&quot;:&quot;Bad&quot;,&quot;address_line1&quot;:&quot;x&quot;,&quot;city&quot;:&quot;y&quot;,&quot;state&quot;:&quot;z&quot;,&quot;pincode&quot;:&quot;999999&quot;,&quot;phone&quot;:&quot;9999999999&quot;},&quot;url&quot;:&quot;https://errors.pydantic.dev/2.13/v/missing&quot;},{&quot;type&quot;:&quot;missing&quot;,&quot;loc&quot;:[&quot;body&quot;,&quot;line1&quot;],&quot;msg&quot;:&quot;Field required&quot;,&quot;input&quot;:{&quot;label&quot;:&quot;Bad&quot;,&quot;address_line1&quot;:&quot;x&quot;,&quot;city&quot;:&quot;y&quot;,&quot;state&quot;:&quot;z&quot;,&quot;pincode&quot;:&quot;999999&quot;,&quot;phone&quot;:&quot;9999999999&quot;},&quot;url&quot;:&quot;https://errors.pydantic.dev/2.13/v/missing&quot;},{&quot;type&quot;:&quot;missing&quot;,&quot;loc&quot;:[&quot;body&quot;,&quot;location_id&quot;],&quot;msg&quot;:&quot;Field required&quot;,&quot;input&quot;:{&quot;label&quot;:&quot;Bad&quot;,&quot;address_line1&quot;:&quot;x&quot;,&quot;city&quot;:&quot;y&quot;,&quot;state&quot;:&quot;z&quot;,&quot;pincode&quot;:&quot;999999&quot;,&quot;phone&quot;:&quot;9999999999&quot;},&quot;url&quot;:&quot;https://errors.pydantic.dev/2.13/v/missing&quot;}]}&#10;assert 422 == 200&#10; +  where 422 = &lt;Response [422]&gt;.status_code">tests/test_pin_inventory_iter12.py:247: in test_order_blocked_for_unserviceable_pin
    assert r.status_code == 200, f"unexpected address create status {r.status_code}: {r.text}"
E   AssertionError: unexpected address create status 422: {"detail":[{"type":"missing","loc":["body","full_name"],"msg":"Field required","input":{"label":"Bad","address_line1":"x","city":"y","state":"z","pincode":"999999","phone":"9999999999"},"url":"https://errors.pydantic.dev/2.13/v/missing"},{"type":"missing","loc":["body","line1"],"msg":"Field required","input":{"label":"Bad","address_line1":"x","city":"y","state":"z","pincode":"999999","phone":"9999999999"},"url":"https://errors.pydantic.dev/2.13/v/missing"},{"type":"missing","loc":["body","location_id"],"msg":"Field required","input":{"label":"Bad","address_line1":"x","city":"y","state":"z","pincode":"999999","phone":"9999999999"},"url":"https://errors.pydantic.dev/2.13/v/missing"}]}
E   assert 422 == 200
E    +  where 422 = &lt;Response [422]&gt;.status_code</failure></testcase></testsuite></testsuites>