<?xml version="1.0" encoding="utf-8"?><testsuites name="pytest tests"><testsuite name="pytest" errors="0" failures="0" skipped="0" tests="17" time="4.984" timestamp="2026-08-18T17:42:34.041780+00:00" hostname="agent-env-3a6f2eff-d9db-44c9-8daa-fbea18feedb1"><testcase classname="tests.test_iteration8.TestPincode" name="test_check_serviceable" time="0.204" /><testcase classname="tests.test_iteration8.TestPincode" name="test_check_unserviceable" time="0.133" /><testcase classname="tests.test_iteration8.TestPincode" name="test_address_reject_unserviceable" time="0.405" /><testcase classname="tests.test_iteration8.TestPincode" name="test_address_accept_serviceable_autoset_loc" time="0.179" /><testcase classname="tests.test_iteration8.TestPincodeAdminFields" name="test_update_pincode_persists_asap_and_threshold" time="0.495" /><testcase classname="tests.test_iteration8.TestCategoryDedupe" name="test_duplicate_category_rejected" time="0.105" /><testcase classname="tests.test_iteration8.TestCategoryDedupe" name="test_public_categories_no_dupes" time="0.130" /><testcase classname="tests.test_iteration8.TestCategoryDedupe" name="test_subcategories_by_parent" time="0.238" /><testcase classname="tests.test_iteration8.TestCouponsAvailable" name="test_available_needs_auth" time="0.128" /><testcase classname="tests.test_iteration8.TestCouponsAvailable" name="test_pin_targeted_appears_only_for_matching_pin" time="0.339" /><testcase classname="tests.test_iteration8.TestCouponsAvailable" name="test_eligible_flag_below_min" time="0.747" /><testcase classname="tests.test_iteration8.TestCouponStacking" name="test_two_product_coupons_rejected" time="0.235" /><testcase classname="tests.test_iteration8.TestCouponStacking" name="test_product_plus_delivery_ok" time="0.255" /><testcase classname="tests.test_iteration8.TestOrders" name="test_order_uses_pin_delivery_charge" time="0.989" /><testcase classname="tests.test_iteration8.TestWallet" name="test_wallet_balance_matches_ledger" time="0.079" /><testcase classname="tests.test_iteration8.TestWallet" name="test_admin_wallet_get" time="0.134" /><testcase classname="tests.test_iteration8.TestReferral" name="test_self_referral_rejected" time="0.135" /></testsuite></testsuites>