<?xml version="1.0" encoding="utf-8"?><testsuites name="pytest tests"><testsuite name="pytest" errors="0" failures="1" skipped="0" tests="7" time="2.725" timestamp="2026-08-18T18:31:11.254430+00:00" hostname="agent-env-3a6f2eff-d9db-44c9-8daa-fbea18feedb1"><testcase classname="tests.test_combo_edit_iter11" name="test_get_combo_returns_config_and_alternatives" time="0.648" /><testcase classname="tests.test_combo_edit_iter11" name="test_add_combo_creates_single_line" time="0.164" /><testcase classname="tests.test_combo_edit_iter11" name="test_update_combo_same_line" time="0.436" /><testcase classname="tests.test_combo_edit_iter11" name="test_qty_clamped_to_max" time="0.235" /><testcase classname="tests.test_combo_edit_iter11" name="test_disallowed_swap_rejected" time="0.223" /><testcase classname="tests.test_combo_edit_iter11" name="test_remove_combo_line" time="0.236" /><testcase classname="tests.test_combo_edit_iter11" name="test_cod_order_with_combo" time="0.400"><failure message="AssertionError: assert 0 &gt; 0&#10; +  where 0 = &lt;built-in method get of dict object at 0xf80eebf1edc0&gt;('total', 0)&#10; +    where &lt;built-in method get of dict object at 0xf80eebf1edc0&gt; = {'id': '48946940-e286-47d1-b1fd-6c65b21eaadd', 'order_number': 'FG260800021', 'user_id': '6a82057f53d0704bf07b57df', 'customer_name': 'Test Customer', ...}.get">backend/tests/test_combo_edit_iter11.py:152: in test_cod_order_with_combo
    assert order.get("total", 0) &gt; 0
E   AssertionError: assert 0 &gt; 0
E    +  where 0 = &lt;built-in method get of dict object at 0xf80eebf1edc0&gt;('total', 0)
E    +    where &lt;built-in method get of dict object at 0xf80eebf1edc0&gt; = {'id': '48946940-e286-47d1-b1fd-6c65b21eaadd', 'order_number': 'FG260800021', 'user_id': '6a82057f53d0704bf07b57df', 'customer_name': 'Test Customer', ...}.get</failure></testcase></testsuite></testsuites>