<?xml version="1.0" encoding="utf-8"?><testsuites name="pytest tests"><testsuite name="pytest" errors="0" failures="0" skipped="0" tests="22" time="22.373" timestamp="2026-08-26T14:58:23.852892+00:00" hostname="agent-env-3a6f2eff-d9db-44c9-8daa-fbea18feedb1"><testcase classname="tests.test_coupon_iter22.TestAvailableServerSubtotal" name="test_general_coupon_eligible_even_when_client_sends_subtotal_zero" time="1.572" /><testcase classname="tests.test_coupon_iter22.TestAvailableServerSubtotal" name="test_general_coupon_not_eligible_reflects_real_cart_shortfall" time="0.578" /><testcase classname="tests.test_coupon_iter22.TestAvailableServerSubtotal" name="test_category_shortfall_uses_only_category_subtotal" time="0.570" /><testcase classname="tests.test_coupon_iter22.TestValidateTamperProof" name="test_general_percentage_discount_from_server_cart" time="0.490" /><testcase classname="tests.test_coupon_iter22.TestValidateTamperProof" name="test_general_min_order_not_bypassable_by_tampered_subtotal" time="0.587" /><testcase classname="tests.test_coupon_iter22.TestValidateTamperProof" name="test_category_discount_from_server_category_subtotal" time="0.608" /><testcase classname="tests.test_coupon_iter22.TestOrderRegression" name="test_cod_order_with_general_percentage_coupon" time="1.969" /><testcase classname="tests.test_coupon_iter22.TestEmptyCart" name="test_validate_general_coupon_on_empty_cart" time="1.005" /><testcase classname="tests.test_coupon_iter21.TestAdminCouponFields" name="test_create_with_new_fields_persists" time="1.166" /><testcase classname="tests.test_coupon_iter21.TestVisibilityVsEligibility" name="test_general_min_order_coupon_visible_but_not_eligible" time="0.160" /><testcase classname="tests.test_coupon_iter21.TestVisibilityVsEligibility" name="test_first_order_coupon_hidden_for_existing_customer" time="0.259" /><testcase classname="tests.test_coupon_iter21.TestVisibilityVsEligibility" name="test_first_order_coupon_rejected_for_existing_customer" time="0.169" /><testcase classname="tests.test_coupon_iter21.TestVisibilityVsEligibility" name="test_expired_coupon_hidden_and_rejected" time="0.222" /><testcase classname="tests.test_coupon_iter21.TestVisibilityVsEligibility" name="test_available_requires_auth" time="0.143" /><testcase classname="tests.test_coupon_iter21.TestCategoryAndTamper" name="test_category_discount_uses_category_subtotal_not_tampered_subtotal" time="0.513" /><testcase classname="tests.test_coupon_iter21.TestCategoryAndTamper" name="test_category_coupon_below_min_rejected_with_shortfall_message" time="0.785" /><testcase classname="tests.test_coupon_iter21.TestCategoryAndTamper" name="test_general_coupon_regression" time="0.529" /><testcase classname="tests.test_coupon_iter21.TestNewCustomerE2E" name="test_new_customer_sees_and_applies_first_order_coupon" time="0.773" /><testcase classname="tests.test_coupon_iter21.TestNewCustomerE2E" name="test_place_cod_order_with_category_coupon_matches_server_calc" time="1.807" /><testcase classname="tests.test_coupon_iter21.TestNewCustomerE2E" name="test_first_order_coupon_rejected_after_order_exists" time="0.273" /><testcase classname="tests.test_coupon_iter21.TestUsageLimits" name="test_global_and_per_customer_limits_hidden_and_rejected" time="0.567" /><testcase classname="tests.test_category_coupon" name="test_category_coupon_flow" time="5.868" /></testsuite></testsuites>