<?xml version="1.0" encoding="utf-8"?><testsuites name="pytest tests"><testsuite name="pytest" errors="0" failures="0" skipped="0" tests="8" time="3.421" timestamp="2026-08-19T08:38:54.127044+00:00" hostname="agent-env-3a6f2eff-d9db-44c9-8daa-fbea18feedb1"><testcase classname="tests.test_pin_iter14" name="test_check_unserviceable" time="0.186" /><testcase classname="tests.test_pin_iter14" name="test_check_serviceable_500034_charge_40" time="0.120" /><testcase classname="tests.test_pin_iter14" name="test_create_new_pin_auto_provisions_inventory" time="0.875" /><testcase classname="tests.test_pin_iter14" name="test_copy_inventory_from_500034_to_new_pin" time="0.539" /><testcase classname="tests.test_pin_iter14" name="test_pin_isolation" time="0.384" /><testcase classname="tests.test_pin_iter14" name="test_checkout_reflects_updated_pin_delivery_charge" time="0.795" /><testcase classname="tests.test_pin_iter14" name="test_admin_customer_360_has_wallet" time="0.148" /><testcase classname="tests.test_pin_iter14" name="test_address_creation_blocks_unserviceable" time="0.056" /></testsuite></testsuites>