<?xml version="1.0" encoding="utf-8"?><testsuites name="pytest tests"><testsuite name="pytest" errors="0" failures="0" skipped="0" tests="17" time="4.642" timestamp="2026-08-17T05:05:56.291553+00:00" hostname="agent-env-3a6f2eff-d9db-44c9-8daa-fbea18feedb1"><testcase classname="tests.test_iteration4.TestBannerScheduling" name="test_future_start_excluded_from_public" time="1.645" /><testcase classname="tests.test_iteration4.TestBannerScheduling" name="test_past_end_excluded_from_public" time="0.280" /><testcase classname="tests.test_iteration4.TestBannerScheduling" name="test_active_window_included" time="0.249" /><testcase classname="tests.test_iteration4.TestBannerScheduling" name="test_null_dates_included" time="0.230" /><testcase classname="tests.test_iteration4.TestBannerScheduling" name="test_end_date_inclusive_today" time="0.226" /><testcase classname="tests.test_iteration4.TestBannerReorder" name="test_reorder_route_not_captured_by_banner_id" time="0.220" /><testcase classname="tests.test_iteration4.TestBannerReorder" name="test_reorder_requires_admin_no_auth" time="0.107" /><testcase classname="tests.test_iteration4.TestBannerReorder" name="test_reorder_customer_forbidden" time="0.444" /><testcase classname="tests.test_iteration4.TestPublicCoupons" name="test_public_list_returns_seeded" time="0.110" /><testcase classname="tests.test_iteration4.TestPublicCoupons" name="test_public_response_safe_fields_only" time="0.131" /><testcase classname="tests.test_iteration4.TestPublicCoupons" name="test_welcome50_shape" time="0.102" /><testcase classname="tests.test_iteration4.TestPublicCoupons" name="test_save10_shape" time="0.108" /><testcase classname="tests.test_iteration4.TestPublicCoupons" name="test_location_filter_applied" time="0.217" /><testcase classname="tests.test_iteration4.TestComboCarouselRegression" name="test_public_banners_still_returned" time="0.148" /><testcase classname="tests.test_iteration4.TestComboCarouselRegression" name="test_max_5_cap" time="0.109" /><testcase classname="tests.test_iteration4.TestCouponValidateRegression" name="test_welcome50_valid" time="0.107" /><testcase classname="tests.test_iteration4.TestCouponValidateRegression" name="test_welcome50_below_min" time="0.130" /></testsuite></testsuites>