<?xml version="1.0" encoding="utf-8"?><testsuites name="pytest tests"><testsuite name="pytest" errors="0" failures="0" skipped="0" tests="5" time="2.867" timestamp="2026-08-28T03:40:04.557106+00:00" hostname="agent-env-3a6f2eff-d9db-44c9-8daa-fbea18feedb1"><testcase classname="tests.test_subsub_iter23.TestAuthPlaybook" name="test_login_sets_httponly_cookies" time="0.419" /><testcase classname="tests.test_subsub_iter23.TestAuthPlaybook" name="test_cors_allows_credentials_explicit_origin" time="0.002" /><testcase classname="tests.test_subsub_iter23.TestAuthPlaybook" name="test_bcrypt_hash_format" time="0.522" /><testcase classname="tests.test_subsub_iter23.TestAuthPlaybook" name="test_brute_force_lockout_on_dummy_account" time="1.008" /><testcase classname="tests.test_subsub_iter23.TestAuthPlaybook" name="test_invalid_credentials_401" time="0.347" /></testsuite></testsuites>