<?xml version="1.0" encoding="utf-8"?><testsuites name="pytest tests"><testsuite name="pytest" errors="0" failures="0" skipped="0" tests="14" time="15.006" timestamp="2026-08-26T14:53:18.116744+00:00" hostname="agent-env-3a6f2eff-d9db-44c9-8daa-fbea18feedb1"><testcase classname="tests.test_coupon_iter21.TestAdminCouponFields" name="test_create_with_new_fields_persists" time="1.479" /><testcase classname="tests.test_coupon_iter21.TestVisibilityVsEligibility" name="test_general_min_order_coupon_visible_but_not_eligible" time="0.231" /><testcase classname="tests.test_coupon_iter21.TestVisibilityVsEligibility" name="test_first_order_coupon_hidden_for_existing_customer" time="0.402" /><testcase classname="tests.test_coupon_iter21.TestVisibilityVsEligibility" name="test_first_order_coupon_rejected_for_existing_customer" time="0.172" /><testcase classname="tests.test_coupon_iter21.TestVisibilityVsEligibility" name="test_expired_coupon_hidden_and_rejected" time="0.328" /><testcase classname="tests.test_coupon_iter21.TestVisibilityVsEligibility" name="test_available_requires_auth" time="0.220" /><testcase classname="tests.test_coupon_iter21.TestCategoryAndTamper" name="test_category_discount_uses_category_subtotal_not_tampered_subtotal" time="0.915" /><testcase classname="tests.test_coupon_iter21.TestCategoryAndTamper" name="test_category_coupon_below_min_rejected_with_shortfall_message" time="0.625" /><testcase classname="tests.test_coupon_iter21.TestCategoryAndTamper" name="test_general_coupon_regression" time="0.641" /><testcase classname="tests.test_coupon_iter21.TestNewCustomerE2E" name="test_new_customer_sees_and_applies_first_order_coupon" time="0.919" /><testcase classname="tests.test_coupon_iter21.TestNewCustomerE2E" name="test_place_cod_order_with_category_coupon_matches_server_calc" time="1.847" /><testcase classname="tests.test_coupon_iter21.TestNewCustomerE2E" name="test_first_order_coupon_rejected_after_order_exists" time="0.244" /><testcase classname="tests.test_coupon_iter21.TestUsageLimits" name="test_global_and_per_customer_limits_hidden_and_rejected" time="0.680" /><testcase classname="tests.test_category_coupon" name="test_category_coupon_flow" time="4.523" /></testsuite></testsuites>