<?xml version="1.0" encoding="utf-8"?><testsuites name="pytest tests"><testsuite name="pytest" errors="0" failures="0" skipped="0" tests="12" time="6.425" timestamp="2026-08-18T15:46:47.275612+00:00" hostname="agent-env-3a6f2eff-d9db-44c9-8daa-fbea18feedb1"><testcase classname="tests.test_wallet_iter6" name="test_settings_get_defaults" time="0.736" /><testcase classname="tests.test_wallet_iter6" name="test_settings_put_persists" time="0.180" /><testcase classname="tests.test_wallet_iter6" name="test_topup_create_order_503" time="0.461" /><testcase classname="tests.test_wallet_iter6" name="test_topup_invalid_amount" time="0.069" /><testcase classname="tests.test_wallet_iter6" name="test_withdrawable_and_withdraw_flow" time="1.220" /><testcase classname="tests.test_wallet_iter6" name="test_credit_type_withdrawability_with_default_sources" time="0.167" /><testcase classname="tests.test_wallet_iter6" name="test_cashback_idempotent_on_delivered" time="2.888" /><testcase classname="tests.test_wallet_iter6" name="test_analytics_wallet" time="0.083" /><testcase classname="tests.test_wallet_iter6" name="test_analytics_referrals" time="0.091" /><testcase classname="tests.test_wallet_iter6" name="test_wallet_balances_overview" time="0.093" /><testcase classname="tests.test_wallet_iter6" name="test_existing_endpoints" time="0.275" /><testcase classname="tests.test_wallet_iter6" name="test_zzz_restore_defaults" time="0.084" /></testsuite></testsuites>