<?xml version="1.0" encoding="utf-8"?><testsuites name="pytest tests"><testsuite name="pytest" errors="0" failures="0" skipped="0" tests="26" time="6.106" timestamp="2026-08-28T03:49:33.039553+00:00" hostname="agent-env-3a6f2eff-d9db-44c9-8daa-fbea18feedb1"><testcase classname="tests.test_subsub_iter23.TestListings" name="test_subcategories_no_subsub_leak" time="1.576" /><testcase classname="tests.test_subsub_iter23.TestListings" name="test_all_subcategories_no_subsub_leak" time="0.118" /><testcase classname="tests.test_subsub_iter23.TestListings" name="test_subsubcategories_filtered" time="0.121" /><testcase classname="tests.test_subsub_iter23.TestListings" name="test_subsubcategories_all_only_true_subsubs" time="0.255" /><testcase classname="tests.test_subsub_iter23.TestHierarchyValidation" name="test_mismatched_subsub_rejected" time="1.966" /><testcase classname="tests.test_subsub_iter23.TestHierarchyValidation" name="test_mismatched_subcategory_rejected" time="0.065" /><testcase classname="tests.test_subsub_iter23.TestHierarchyValidation" name="test_subsub_without_subcategory_rejected" time="0.103" /><testcase classname="tests.test_subsub_iter23.TestListings" name="test_subsub_for_sub_without_subsubs_empty" time="0.105" /><testcase classname="tests.test_subsub_iter23.TestHierarchyValidation" name="test_invalid_category_rejected" time="0.107" /><testcase classname="tests.test_subsub_iter23.TestListings" name="test_admin_subsubcategories" time="0.054" /><testcase classname="tests.test_subsub_iter23.TestSearchResolve" name="test_not_found" time="0.114" /><testcase classname="tests.test_subsub_iter23.TestHierarchyValidation" name="test_update_with_bad_chain_rejected" time="0.067" /><testcase classname="tests.test_subsub_iter23.TestHierarchyValidation" name="test_legacy_product_persisted_without_subsub" time="0.112" /><testcase classname="tests.test_subsub_iter23.TestSearchResolve" name="test_out_of_stock_with_alternatives" time="0.120" /><testcase classname="tests.test_subsub_iter23.TestAuthPlaybook" name="test_login_sets_httponly_cookies" time="0.334" /><testcase classname="tests.test_subsub_iter23.TestSearchResolve" name="test_available" time="0.293" /><testcase classname="tests.test_subsub_iter23.TestAuthPlaybook" name="test_cors_allows_credentials_explicit_origin" time="0.002" /><testcase classname="tests.test_subsub_iter23.TestAuthPlaybook" name="test_bcrypt_hash_format" time="0.435" /><testcase classname="tests.test_subsub_iter23.TestSearchResolve" name="test_empty_query" time="0.121" /><testcase classname="tests.test_subsub_iter23.TestSearchResolve" name="test_route_order_not_shadowed" time="0.188" /><testcase classname="tests.test_subsub_iter23.TestProductFilters" name="test_filter_by_subsubcategory" time="0.113" /><testcase classname="tests.test_subsub_iter23.TestProductFilters" name="test_filter_by_subcategory_includes_all_subsubs" time="0.105" /><testcase classname="tests.test_subsub_iter23.TestAuthPlaybook" name="test_brute_force_lockout_on_dummy_account" time="1.000" /><testcase classname="tests.test_subsub_iter23.TestProductFilters" name="test_filter_by_category" time="0.138" /><testcase classname="tests.test_subsub_iter23.TestProductFilters" name="test_instock_filter" time="1.769" /><testcase classname="tests.test_subsub_iter23.TestAuthPlaybook" name="test_invalid_credentials_401" time="0.996" /></testsuite></testsuites>