<?xml version="1.0" encoding="utf-8"?><testsuites name="pytest tests"><testsuite name="pytest" errors="0" failures="0" skipped="0" tests="19" time="6.595" timestamp="2026-08-28T12:05:37.930321+00:00" hostname="agent-env-3a6f2eff-d9db-44c9-8daa-fbea18feedb1"><testcase classname="tests.test_inventory_batch_iter26.TestBatchValidation" name="test_requires_admin" time="1.558" /><testcase classname="tests.test_inventory_batch_iter26.TestBatchesAndExpiry" name="test_add_batches_increase_available_and_stay_separate" time="1.944" /><testcase classname="tests.test_inventory_batch_iter26.TestBatchValidation" name="test_zero_quantity_rejected" time="0.048" /><testcase classname="tests.test_inventory_batch_iter26.TestBatchValidation" name="test_blank_batch_number_rejected" time="0.052" /><testcase classname="tests.test_inventory_batch_iter26.TestBatchValidation" name="test_missing_scope_rejected" time="0.045" /><testcase classname="tests.test_inventory_batch_iter26.TestBatchValidation" name="test_delete_unknown_batch_404" time="0.054" /><testcase classname="tests.test_inventory_batch_iter26.TestPinInventoryRegression" name="test_listing_shape" time="0.056" /><testcase classname="tests.test_inventory_batch_iter26.TestPinInventoryRegression" name="test_enable_disable_toggle" time="0.329" /><testcase classname="tests.test_inventory_batch_iter26.TestBatchesAndExpiry" name="test_per_batch_expiry_status_and_days" time="0.282" /><testcase classname="tests.test_inventory_batch_iter26.TestPinInventoryRegression" name="test_enable_all_this_pin" time="0.068" /><testcase classname="tests.test_inventory_batch_iter26.TestPinInventoryRegression" name="test_summary_endpoint" time="0.056" /><testcase classname="tests.test_inventory_batch_iter26.TestBatchesAndExpiry" name="test_row_summary_uses_nearest_expiry" time="0.091" /><testcase classname="tests.test_inventory_batch_iter26.TestFEFO" name="test_fefo_earliest_expiry_consumed_first_and_restored_on_cancel" time="1.787" /><testcase classname="tests.test_inventory_batch_iter26.TestBatchesAndExpiry" name="test_expired_batch_flips_row_status" time="0.255" /><testcase classname="tests.test_inventory_batch_iter26.TestBatchesAndExpiry" name="test_dashboard_expiry_summary_buckets" time="0.119" /><testcase classname="tests.test_inventory_batch_iter26.TestBatchesAndExpiry" name="test_low_stock_threshold_persist_and_flags" time="0.295" /><testcase classname="tests.test_inventory_batch_iter26.TestBatchesAndExpiry" name="test_delete_batch_reduces_available" time="0.821" /><testcase classname="tests.test_inventory_batch_iter26.TestFEFO" name="test_order_cannot_oversell_available" time="0.236" /><testcase classname="tests.test_inventory_batch_iter26.TestLegacyNoBatches" name="test_absolute_quantity_save_and_order_cycle" time="1.983" /></testsuite></testsuites>