<?xml version="1.0" encoding="utf-8"?><testsuites name="pytest tests"><testsuite name="pytest" errors="0" failures="1" skipped="0" tests="36" time="10.548" timestamp="2026-08-18T10:46:38.107173+00:00" hostname="agent-env-3a6f2eff-d9db-44c9-8daa-fbea18feedb1"><testcase classname="tests.test_master_update.TestCatalog" name="test_categories_are_parent_only" time="0.433" /><testcase classname="tests.test_master_update.TestCatalog" name="test_subcategories_endpoint" time="0.402" /><testcase classname="tests.test_master_update.TestCatalog" name="test_brands_public" time="0.156" /><testcase classname="tests.test_master_update.TestCatalog" name="test_admin_subcategories" time="0.446" /><testcase classname="tests.test_master_update.TestCatalog" name="test_admin_brands" time="0.080" /><testcase classname="tests.test_master_update.TestCatalog" name="test_admin_subcategories_requires_admin" time="0.215" /><testcase classname="tests.test_master_update.TestCatalog" name="test_product_create_with_catalog_ids" time="0.905" /><testcase classname="tests.test_master_update.TestPincodes" name="test_check_known_pincode" time="0.317" /><testcase classname="tests.test_master_update.TestPincodes" name="test_check_unknown_pincode" time="0.158" /><testcase classname="tests.test_master_update.TestPincodes" name="test_admin_pincode_crud" time="0.396" /><testcase classname="tests.test_master_update.TestCoupons" name="test_validate_product_coupon" time="0.167" /><testcase classname="tests.test_master_update.TestCoupons" name="test_validate_delivery_coupon" time="0.409" /><testcase classname="tests.test_master_update.TestCoupons" name="test_stacking_reject_two_product_coupons" time="0.159" /><testcase classname="tests.test_master_update.TestCoupons" name="test_stacking_allow_product_plus_delivery" time="0.158" /><testcase classname="tests.test_master_update.TestCoupons" name="test_bulk_coupons_create_5" time="0.878" /><testcase classname="tests.test_master_update.TestOrders" name="test_place_order_with_stacked_coupons" time="1.765" /><testcase classname="tests.test_master_update.TestOrders" name="test_cancel_paid_order_creates_refund" time="0.654" /><testcase classname="tests.test_master_update.TestAnalytics" name="test_overview" time="0.079" /><testcase classname="tests.test_master_update.TestAnalytics" name="test_products_analytics" time="0.080" /><testcase classname="tests.test_master_update.TestAnalytics" name="test_carts_analytics" time="0.082" /><testcase classname="tests.test_master_update.TestAnalytics" name="test_coupons_analytics" time="0.081" /><testcase classname="tests.test_master_update.TestAnalytics" name="test_payments_analytics" time="0.079" /><testcase classname="tests.test_master_update.TestAnalytics" name="test_pin_stats" time="0.081" /><testcase classname="tests.test_master_update.TestAnalytics" name="test_expenses_affect_overview" time="0.331" /><testcase classname="tests.test_master_update.TestWalletReferral" name="test_my_wallet" time="0.076" /><testcase classname="tests.test_master_update.TestWalletReferral" name="test_admin_wallet_adjust" time="0.393" /><testcase classname="tests.test_master_update.TestWalletReferral" name="test_my_referral_code" time="0.081" /><testcase classname="tests.test_master_update.TestWalletReferral" name="test_referral_self_use_rejected" time="0.152" /><testcase classname="tests.test_master_update.TestCustomer360" name="test_full_profile" time="0.163" /><testcase classname="tests.test_master_update.TestRegression" name="test_admin_login" time="0.077" /><testcase classname="tests.test_master_update.TestRegression" name="test_customer_login" time="0.082" /><testcase classname="tests.test_master_update.TestRegression" name="test_products_list" time="0.159" /><testcase classname="tests.test_master_update.TestRegression" name="test_delivery_slots" time="0.153"><failure message="assert 404 == 200&#10; +  where 404 = &lt;Response [404]&gt;.status_code">backend/tests/test_master_update.py:468: in test_delivery_slots
    assert r.status_code == 200
E   assert 404 == 200
E    +  where 404 = &lt;Response [404]&gt;.status_code</failure></testcase><testcase classname="tests.test_master_update.TestRegression" name="test_personalized_offers" time="0.075" /><testcase classname="tests.test_master_update.TestRegression" name="test_combo_banners" time="0.202" /><testcase classname="tests.test_master_update.TestRegression" name="test_welcome50_validate" time="0.268" /></testsuite></testsuites>