<?xml version="1.0" encoding="utf-8"?><testsuites name="pytest tests"><testsuite name="pytest" errors="0" failures="0" skipped="0" tests="46" time="5.747" timestamp="2026-08-29T03:48:57.121784+00:00" hostname="agent-env-3a6f2eff-d9db-44c9-8daa-fbea18feedb1"><testcase classname="tests.test_profit_iter28.TestProfitSummary" name="test_periods[today-Today]" time="1.406" /><testcase classname="tests.test_profit_iter28.TestAccess" name="test_anonymous_blocked[/admin/profit/summary]" time="1.473" /><testcase classname="tests.test_profit_iter28.TestProfitSummary" name="test_periods[yesterday-Yesterday]" time="0.045" /><testcase classname="tests.test_profit_iter28.TestProfitSummary" name="test_periods[week-This Week]" time="0.085" /><testcase classname="tests.test_profit_iter28.TestAccess" name="test_anonymous_blocked[/admin/profit/breakdown]" time="0.137" /><testcase classname="tests.test_profit_iter28.TestProfitSummary" name="test_periods[month-This Month]" time="0.045" /><testcase classname="tests.test_profit_iter28.TestProfitSummary" name="test_periods[prev_month-Previous Month]" time="0.044" /><testcase classname="tests.test_profit_iter28.TestAccess" name="test_anonymous_blocked[/admin/profit/coupons]" time="0.174" /><testcase classname="tests.test_profit_iter28.TestProfitSummary" name="test_custom_requires_dates" time="0.086" /><testcase classname="tests.test_profit_iter28.TestProfitSummary" name="test_custom_range_ok" time="0.048" /><testcase classname="tests.test_profit_iter28.TestProfitSummary" name="test_custom_bad_format" time="0.085" /><testcase classname="tests.test_profit_iter28.TestAccess" name="test_anonymous_blocked[/admin/profit/inventory]" time="0.108" /><testcase classname="tests.test_profit_iter28.TestProfitSummary" name="test_summary_consistency_with_per_order" time="0.055" /><testcase classname="tests.test_profit_iter28.TestAccess" name="test_customer_blocked[/admin/profit/summary]" time="0.116" /><testcase classname="tests.test_profit_iter28.TestProfitSummary" name="test_cancelled_count_matches_db" time="0.120" /><testcase classname="tests.test_profit_iter28.TestAccess" name="test_customer_blocked[/admin/profit/breakdown]" time="0.065" /><testcase classname="tests.test_profit_iter28.TestOrderProfit" name="test_404_unknown_order" time="0.045" /><testcase classname="tests.test_profit_iter28.TestOrderProfit" name="test_math_on_delivered_orders" time="0.444" /><testcase classname="tests.test_profit_iter28.TestAccess" name="test_customer_blocked[/admin/profit/coupons]" time="0.059" /><testcase classname="tests.test_profit_iter28.TestAccess" name="test_customer_blocked[/admin/profit/inventory]" time="0.058" /><testcase classname="tests.test_profit_iter28.TestAccess" name="test_customer_blocked_order_profit" time="0.966" /><testcase classname="tests.test_profit_iter28.TestAccess" name="test_customer_blocked_delivery_cost" time="0.063" /><testcase classname="tests.test_profit_iter28.TestAccess" name="test_admin_allowed" time="0.231" /><testcase classname="tests.test_profit_iter28.TestOrderProfit" name="test_math_on_synth_order" time="0.901" /><testcase classname="tests.test_profit_iter28.TestOrderProfit" name="test_delivery_cost_snapshot_from_pin" time="0.072" /><testcase classname="tests.test_profit_iter28.TestDeliveryCostUpdate" name="test_negative_delivery_cost_rejected" time="0.095" /><testcase classname="tests.test_profit_iter28.TestOrderProfit" name="test_cancelled_orders_not_realized" time="0.183" /><testcase classname="tests.test_profit_iter28.TestDeliveryCostUpdate" name="test_negative_delivery_charge_rejected" time="0.052" /><testcase classname="tests.test_profit_iter28.TestDeliveryCostUpdate" name="test_404_unknown_order" time="0.095" /><testcase classname="tests.test_profit_iter28.TestInventoryValue" name="test_totals_structure" time="0.070" /><testcase classname="tests.test_profit_iter28.TestDeliveryCostUpdate" name="test_delivery_cost_reduces_profit_and_restores" time="0.256" /><testcase classname="tests.test_profit_iter28.TestInventoryValue" name="test_batch_purchase_price_used_in_valuation" time="0.331" /><testcase classname="tests.test_profit_iter28.TestDeliveryCostUpdate" name="test_delivery_charge_adjusts_final_amount" time="0.311" /><testcase classname="tests.test_profit_iter28.TestInventoryValue" name="test_existing_batch_purchase_price_not_overwritten" time="0.295" /><testcase classname="tests.test_profit_iter28.TestRegression" name="test_admin_orders_list" time="0.068" /><testcase classname="tests.test_profit_iter28.TestRegression" name="test_analytics_overview" time="0.054" /><testcase classname="tests.test_profit_iter28.TestInventoryValue" name="test_batch_without_purchase_price_is_null" time="0.201" /><testcase classname="tests.test_profit_iter28.TestRegression" name="test_pincode_delivery_cost_round_trip" time="0.155" /><testcase classname="tests.test_profit_iter28.TestRegression" name="test_inventory_fefo_reservation_unaffected" time="0.057" /><testcase classname="tests.test_profit_iter28.TestCustomerScrub" name="test_list_my_orders_scrubbed" time="0.069" /><testcase classname="tests.test_profit_iter28.TestBreakdown" name="test_structure_and_sorting" time="0.054" /><testcase classname="tests.test_profit_iter28.TestCustomerScrub" name="test_get_own_order_scrubbed" time="0.058" /><testcase classname="tests.test_profit_iter28.TestBreakdown" name="test_excludes_cancelled" time="0.052" /><testcase classname="tests.test_profit_iter28.TestCustomerScrub" name="test_admin_sees_internal_fields" time="0.559" /><testcase classname="tests.test_profit_iter28.TestCouponProfit" name="test_structure" time="0.054" /><testcase classname="tests.test_profit_iter28.TestCouponProfit" name="test_matches_orders" time="0.583" /></testsuite></testsuites>