<?xml version="1.0" encoding="utf-8"?><testsuites name="pytest tests"><testsuite name="pytest" errors="0" failures="0" skipped="0" tests="13" time="2.982" timestamp="2026-08-28T04:02:21.075550+00:00" hostname="agent-env-3a6f2eff-d9db-44c9-8daa-fbea18feedb1"><testcase classname="tests.test_subsub_iter24.TestCrossLevelLeak" name="test_subcategories_with_subcategory_id_returns_empty" time="0.928" /><testcase classname="tests.test_subsub_iter24.TestDuplicateLabel" name="test_duplicate_subsubcategory_label" time="0.996" /><testcase classname="tests.test_subsub_iter24.TestCrossLevelLeak" name="test_subsubcategories_with_top_category_id_returns_empty" time="0.141" /><testcase classname="tests.test_subsub_iter24.TestDuplicateLabel" name="test_duplicate_subcategory_label" time="0.057" /><testcase classname="tests.test_subsub_iter24.TestDuplicateLabel" name="test_duplicate_top_category_label" time="0.071" /><testcase classname="tests.test_subsub_iter24.TestCrossLevelLeak" name="test_correct_level_calls_work" time="0.578" /><testcase classname="tests.test_subsub_iter24.TestSearchResolve" name="test_not_found" time="0.105" /><testcase classname="tests.test_subsub_iter24.TestSearchResolve" name="test_available" time="0.220" /><testcase classname="tests.test_subsub_iter24.TestSearchResolve" name="test_empty_query" time="0.132" /><testcase classname="tests.test_subsub_iter24.TestProductChain" name="test_product_chain_and_filter" time="0.911" /><testcase classname="tests.test_subsub_iter24.TestCrossLevelLeak" name="test_unknown_parent_id_returns_empty" time="0.242" /><testcase classname="tests.test_subsub_iter24.TestAdminListings" name="test_admin_lists_and_soft_delete" time="0.347" /><testcase classname="tests.test_subsub_iter24.TestAdminListings" name="test_admin_endpoints_require_admin" time="0.367" /></testsuite></testsuites>