<?xml version="1.0" encoding="utf-8"?><testsuites name="pytest tests"><testsuite name="pytest" errors="0" failures="0" skipped="0" tests="9" time="4.746" timestamp="2026-08-17T04:06:01.898547+00:00" hostname="agent-env-3a6f2eff-d9db-44c9-8daa-fbea18feedb1"><testcase classname="tests.test_new_features" name="test_upload_requires_auth" time="0.330" /><testcase classname="tests.test_new_features" name="test_upload_forbidden_for_customer" time="0.797" /><testcase classname="tests.test_new_features" name="test_upload_rejects_non_image" time="0.447" /><testcase classname="tests.test_new_features" name="test_upload_and_serve" time="0.470" /><testcase classname="tests.test_new_features" name="test_slots_range" time="0.272" /><testcase classname="tests.test_new_features" name="test_next_day_cod_checkout" time="0.609" /><testcase classname="tests.test_new_features" name="test_order_create_and_status_update_do_not_fail_on_notify" time="0.974" /><testcase classname="tests.test_new_features" name="test_payments_config" time="0.187" /><testcase classname="tests.test_new_features" name="test_razorpay_create_order_returns_503" time="0.087" /></testsuite></testsuites>