<?xml version="1.0" encoding="utf-8"?><testsuites name="pytest tests"><testsuite name="pytest" errors="0" failures="0" skipped="0" tests="35" time="10.837" timestamp="2026-08-17T04:06:14.245292+00:00" hostname="agent-env-3a6f2eff-d9db-44c9-8daa-fbea18feedb1"><testcase classname="tests.test_backend" name="test_health" time="0.190" /><testcase classname="tests.test_backend" name="test_admin_me" time="0.382" /><testcase classname="tests.test_backend" name="test_customer_me" time="0.719" /><testcase classname="tests.test_backend" name="test_brute_force_lockout" time="0.726" /><testcase classname="tests.test_backend" name="test_locations_list" time="0.134" /><testcase classname="tests.test_backend" name="test_admin_create_update_location" time="0.266" /><testcase classname="tests.test_backend" name="test_categories_list" time="0.117" /><testcase classname="tests.test_backend" name="test_admin_categories_forbidden_for_customer" time="0.051" /><testcase classname="tests.test_backend" name="test_admin_categories_unauthenticated" time="0.097" /><testcase classname="tests.test_backend" name="test_admin_category_crud" time="0.136" /><testcase classname="tests.test_backend" name="test_products_featured" time="0.116" /><testcase classname="tests.test_backend" name="test_product_detail" time="0.235" /><testcase classname="tests.test_backend" name="test_admin_create_product_creates_inventory" time="0.244" /><testcase classname="tests.test_backend" name="test_cart_add_update_remove_clear" time="0.385" /><testcase classname="tests.test_backend" name="test_wishlist" time="0.292" /><testcase classname="tests.test_backend" name="test_delivery_slots" time="0.130" /><testcase classname="tests.test_backend" name="test_admin_update_delivery_settings" time="0.101" /><testcase classname="tests.test_backend" name="test_validate_welcome50" time="0.130" /><testcase classname="tests.test_backend" name="test_validate_welcome50_min_fail" time="0.107" /><testcase classname="tests.test_backend" name="test_validate_save10" time="0.179" /><testcase classname="tests.test_backend" name="test_validate_save10_capped" time="0.109" /><testcase classname="tests.test_backend" name="test_full_cod_checkout" time="1.079" /><testcase classname="tests.test_backend" name="test_asap_order" time="0.544" /><testcase classname="tests.test_backend" name="test_admin_order_status_cancelled_and_delivered" time="1.619" /><testcase classname="tests.test_backend" name="test_admin_orders_list" time="0.046" /><testcase classname="tests.test_backend" name="test_payments_config" time="0.105" /><testcase classname="tests.test_backend" name="test_razorpay_create_order_503" time="0.102" /><testcase classname="tests.test_backend" name="test_admin_endpoints_reject_customer" time="0.292" /><testcase classname="tests.test_backend" name="test_admin_endpoints_unauth" time="0.390" /><testcase classname="tests.test_backend" name="test_customer_cannot_view_other_users_order" time="0.834" /><testcase classname="tests.test_backend" name="test_dashboard_stats" time="0.047" /><testcase classname="tests.test_backend" name="test_admin_customers" time="0.050" /><testcase classname="tests.test_backend" name="test_admin_inventory_update" time="0.094" /><testcase classname="tests.test_backend" name="test_settings_public" time="0.126" /><testcase classname="tests.test_backend" name="test_admin_settings_toggle" time="0.092" /></testsuite></testsuites>