<?xml version="1.0" encoding="utf-8"?><testsuites name="pytest tests"><testsuite name="pytest" errors="0" failures="1" skipped="1" tests="35" time="10.091" timestamp="2026-08-16T19:03:00.571070+00:00" hostname="agent-env-3a6f2eff-d9db-44c9-8daa-fbea18feedb1"><testcase classname="tests.test_backend" name="test_health" time="0.327" /><testcase classname="tests.test_backend" name="test_admin_me" time="0.415" /><testcase classname="tests.test_backend" name="test_customer_me" time="0.818" /><testcase classname="tests.test_backend" name="test_brute_force_lockout" time="0.715"><failure message="AssertionError: Expected 429 after 5 wrong attempts, got: [401, 401, 401, 401, 401, 401]&#10;assert 429 in [401, 401, 401, 401, 401, 401]">tests/test_backend.py:81: in test_brute_force_lockout
    assert 429 in codes, f"Expected 429 after 5 wrong attempts, got: {codes}"
E   AssertionError: Expected 429 after 5 wrong attempts, got: [401, 401, 401, 401, 401, 401]
E   assert 429 in [401, 401, 401, 401, 401, 401]</failure></testcase><testcase classname="tests.test_backend" name="test_locations_list" time="0.124" /><testcase classname="tests.test_backend" name="test_admin_create_update_location" time="0.218" /><testcase classname="tests.test_backend" name="test_categories_list" time="0.103" /><testcase classname="tests.test_backend" name="test_admin_categories_forbidden_for_customer" time="0.062" /><testcase classname="tests.test_backend" name="test_admin_categories_unauthenticated" time="0.100" /><testcase classname="tests.test_backend" name="test_admin_category_crud" time="0.138" /><testcase classname="tests.test_backend" name="test_products_featured" time="0.110" /><testcase classname="tests.test_backend" name="test_product_detail" time="0.213" /><testcase classname="tests.test_backend" name="test_admin_create_product_creates_inventory" time="0.205" /><testcase classname="tests.test_backend" name="test_cart_add_update_remove_clear" time="0.452" /><testcase classname="tests.test_backend" name="test_wishlist" time="0.308" /><testcase classname="tests.test_backend" name="test_delivery_slots" time="0.105" /><testcase classname="tests.test_backend" name="test_admin_update_delivery_settings" time="0.045" /><testcase classname="tests.test_backend" name="test_validate_welcome50" time="0.117" /><testcase classname="tests.test_backend" name="test_validate_welcome50_min_fail" time="0.112" /><testcase classname="tests.test_backend" name="test_validate_save10" time="0.135" /><testcase classname="tests.test_backend" name="test_validate_save10_capped" time="0.155" /><testcase classname="tests.test_backend" name="test_full_cod_checkout" time="0.895" /><testcase classname="tests.test_backend" name="test_asap_order" time="0.359"><skipped type="pytest.skip" message="ASAP not currently available (outside window)">/app/backend/tests/test_backend.py:350: ASAP not currently available (outside window)</skipped></testcase><testcase classname="tests.test_backend" name="test_admin_order_status_cancelled_and_delivered" time="0.889" /><testcase classname="tests.test_backend" name="test_admin_orders_list" time="0.047" /><testcase classname="tests.test_backend" name="test_payments_config" time="0.120" /><testcase classname="tests.test_backend" name="test_razorpay_create_order_503" time="0.148" /><testcase classname="tests.test_backend" name="test_admin_endpoints_reject_customer" time="0.360" /><testcase classname="tests.test_backend" name="test_admin_endpoints_unauth" time="0.418" /><testcase classname="tests.test_backend" name="test_customer_cannot_view_other_users_order" time="0.810" /><testcase classname="tests.test_backend" name="test_dashboard_stats" time="0.049" /><testcase classname="tests.test_backend" name="test_admin_customers" time="0.044" /><testcase classname="tests.test_backend" name="test_admin_inventory_update" time="0.137" /><testcase classname="tests.test_backend" name="test_settings_public" time="0.121" /><testcase classname="tests.test_backend" name="test_admin_settings_toggle" time="0.097" /></testsuite></testsuites>