<?xml version="1.0" encoding="utf-8"?><testsuites name="pytest tests"><testsuite name="pytest" errors="0" failures="2" skipped="0" tests="18" time="5.090" timestamp="2026-08-20T05:22:34.301587+00:00" hostname="agent-env-3a6f2eff-d9db-44c9-8daa-fbea18feedb1"><testcase classname="tests.test_returns_iter16.TestReasons" name="test_only_business_fault_reasons" time="0.734" /><testcase classname="tests.test_returns_iter16.TestReasons" name="test_reasons_require_auth" time="0.168" /><testcase classname="tests.test_returns_iter16.TestCreateValidation" name="test_photo_mandatory" time="0.865" /><testcase classname="tests.test_returns_iter16.TestCreateValidation" name="test_other_requires_description" time="0.625" /><testcase classname="tests.test_returns_iter16.TestReasons" name="test_admin_reasons_crud" time="0.862" /><testcase classname="tests.test_returns_iter16.TestCreateValidation" name="test_invalid_reason" time="0.172" /><testcase classname="tests.test_returns_iter16.TestCreateValidation" name="test_invalid_type" time="0.114" /><testcase classname="tests.test_returns_iter16.TestReasons" name="test_admin_reason_404" time="0.068" /><testcase classname="tests.test_returns_iter16.TestCreateValidation" name="test_item_not_in_order" time="0.113" /><testcase classname="tests.test_returns_iter16.TestReasons" name="test_reason_admin_only" time="0.089" /><testcase classname="tests.test_returns_iter16.TestRejectFlow" name="test_reject_releases_and_locks" time="1.022" /><testcase classname="tests.test_returns_iter16.TestCreateValidation" name="test_foreign_order_403" time="0.746"><failure message="TypeError: string indices must be integers, not 'str'">tests/test_returns_iter16.py:172: in test_foreign_order_403
    mine = {o["id"] for o in cust.get(f"{API}/me/orders", timeout=60).json()}
           ^^^^^^^^^^^^^^^^^^^^^^^^^^^^^^^^^^^^^^^^^^^^^^^^^^^^^^^^^^^^^^^^^^
tests/test_returns_iter16.py:172: in &lt;setcomp&gt;
    mine = {o["id"] for o in cust.get(f"{API}/me/orders", timeout=60).json()}
            ^^^^^^^
E   TypeError: string indices must be integers, not 'str'</failure></testcase><testcase classname="tests.test_returns_iter16.TestCreateValidation" name="test_non_delivered_order_400" time="0.073"><failure message="AttributeError: 'str' object has no attribute 'get'">tests/test_returns_iter16.py:183: in test_non_delivered_order_400
    nd = next((o for o in mine if o.get("status") != "delivered"), None)
         ^^^^^^^^^^^^^^^^^^^^^^^^^^^^^^^^^^^^^^^^^^^^^^^^^^^^^^^^^^^^^^^
tests/test_returns_iter16.py:183: in &lt;genexpr&gt;
    nd = next((o for o in mine if o.get("status") != "delivered"), None)
                                  ^^^^^
E   AttributeError: 'str' object has no attribute 'get'</failure></testcase><testcase classname="tests.test_returns_iter16.TestCreateValidation" name="test_unauthenticated_create" time="0.149" /><testcase classname="tests.test_returns_iter16.TestReplacementFlow" name="test_replacement_reserves_pin_inventory" time="1.068" /><testcase classname="tests.test_returns_iter16.TestRejectFlow" name="test_admin_detail_404_and_auth" time="0.211" /><testcase classname="tests.test_returns_iter16.TestRefundFlow" name="test_refund_end_to_end" time="1.555" /><testcase classname="tests.test_returns_iter16.TestOrderIntegrity" name="test_order_unchanged" time="0.073" /></testsuite></testsuites>