<?xml version="1.0" encoding="utf-8"?><testsuites name="pytest tests"><testsuite name="pytest" errors="0" failures="0" skipped="0" tests="14" time="1.971" timestamp="2026-08-18T16:28:10.236720+00:00" hostname="agent-env-3a6f2eff-d9db-44c9-8daa-fbea18feedb1"><testcase classname="tests.test_search_filters.TestCategoryDedupe" name="test_categories_no_duplicate_names" time="0.438" /><testcase classname="tests.test_search_filters.TestCategoryDedupe" name="test_home_needs_not_duplicated" time="0.000" /><testcase classname="tests.test_search_filters.TestCategoryDedupe" name="test_db_records_not_deleted" time="0.085" /><testcase classname="tests.test_search_filters.TestCategoryDedupe" name="test_subcategories_deduped" time="0.406" /><testcase classname="tests.test_search_filters.TestFilters" name="test_min_price" time="0.687" /><testcase classname="tests.test_search_filters.TestFilters" name="test_max_price" time="0.093" /><testcase classname="tests.test_search_filters.TestFilters" name="test_min_discount" time="0.118" /><testcase classname="tests.test_search_filters.TestFilters" name="test_in_stock" time="0.106" /><testcase classname="tests.test_search_filters.TestSearch" name="test_moong_search_returns_product" time="0.235" /><testcase classname="tests.test_search_filters.TestFilters" name="test_category_filter" time="0.194" /><testcase classname="tests.test_search_filters.TestSearch" name="test_brand_name_search" time="0.254" /><testcase classname="tests.test_search_filters.TestFilters" name="test_subcategory_filter" time="0.208" /><testcase classname="tests.test_search_filters.TestFilters" name="test_brand_filter" time="0.166" /><testcase classname="tests.test_search_filters.TestFilters" name="test_combined_filters" time="0.084" /></testsuite></testsuites>